0 info it worked if it ends with ok
1 verbose cli [ '/usr/bin/nodejs', '/home/jz/.nodejs/bin/npm', 'publish' ]
2 info using npm@3.5.2
3 info using node@v4.2.4
4 verbose publish [ '.' ]
5 silly cache add args [ '.', null ]
6 verbose cache add spec .
7 silly cache add parsed spec Result {
7 silly cache add   raw: '.',
7 silly cache add   scope: null,
7 silly cache add   name: null,
7 silly cache add   rawSpec: '.',
7 silly cache add   spec: '/home/jz/projects/js/npm/configuror',
7 silly cache add   type: 'directory' }
8 verbose addLocalDirectory /home/jz/.npm/configuror/0.1.0/package.tgz not in flight; packing
9 info lifecycle configuror@0.1.0~prepublish: configuror@0.1.0
10 silly lifecycle configuror@0.1.0~prepublish: no script for prepublish, continuing
11 verbose tar pack [ '/home/jz/.npm/configuror/0.1.0/package.tgz',
11 verbose tar pack   '/home/jz/projects/js/npm/configuror' ]
12 verbose tarball /home/jz/.npm/configuror/0.1.0/package.tgz
13 verbose folder /home/jz/projects/js/npm/configuror
14 verbose addLocalTarball adding from inside cache /home/jz/.npm/configuror/0.1.0/package.tgz
15 silly cache afterAdd configuror@0.1.0
16 verbose afterAdd /home/jz/.npm/configuror/0.1.0/package/package.json not in flight; writing
17 verbose afterAdd /home/jz/.npm/configuror/0.1.0/package/package.json written
18 silly publish { name: 'configuror',
18 silly publish   version: '0.1.0',
18 silly publish   description: 'A nodejs environment config loader supporting global/local style configuration and env style (dev/test/staging/prod)',
18 silly publish   repository:
18 silly publish    { type: 'git',
18 silly publish      url: 'git+https://github.com/jonjitsu/node-configuror.git' },
18 silly publish   main: 'src/configuror.js',
18 silly publish   scripts: { test: 'mocha' },
18 silly publish   keywords: [ 'config', 'env', 'environment' ],
18 silly publish   author: { name: 'Jonathan Willis' },
18 silly publish   license: 'GPL-2.0',
18 silly publish   devDependencies: { chai: '^3.4.1', mocha: '^2.3.4' },
18 silly publish   dependencies: { 'js-yaml': '^3.5.2', lodash: '^4.0.0' },
18 silly publish   readme: '<div id="table-of-contents">\n<h2>Table of Contents</h2>\n<div id="text-table-of-contents">\n<ul>\n<li><a href="#orgheadline9">1. Configuror</a>\n<ul>\n<li><a href="#orgheadline3">1.1. Quick start</a>\n<ul>\n<li><a href="#orgheadline1">1.1.1. Global/Local style configuration</a></li>\n<li><a href="#orgheadline2">1.1.2. Environment style configuration</a></li>\n</ul>\n</li>\n<li><a href="#orgheadline8">1.2. Details</a>\n<ul>\n<li><a href="#orgheadline7">1.2.1. File formats</a></li>\n</ul>\n</li>\n</ul>\n</li>\n</ul>\n</div>\n</div>\n\n# Configuror<a id="orgheadline9"></a>\n\nConfig file loader based on 2 different configuration styles:\n\n-   Global/Local\n-   Environment (dev/test/staging/prod/etc&#x2026;)\n\nSupporting multiple file formats:\n\n-   .js\n-   .json\n-   .yml\n\nSane defaults included&#x2026;\n\n## Quick start<a id="orgheadline3"></a>\n\nGiven the following directory structure in your project root:\n\nconfig/\n  db.js\n  api.js\n\n    var config = require(\'configuror\')();\n\nconfig will contain values from files in config/ merged.\n\n### Global/Local style configuration<a id="orgheadline1"></a>\n\nby adding files with .local. preceding the extension allows overriding config\noptions with machine specific values.\n\n    config/\n      db.js\n      api.js\n      db.local.js\n\n### Environment style configuration<a id="orgheadline2"></a>\n\nby adding files with .env. preceding the extension allows overriding config\noptions with environment specific values.\n\n    config/\n      db.js\n      api.js\n      api.test.js\n\n    NODE_ENV=test node app.js\n\nWith NODE<sub>ENV</sub> set to test the api.test.js will override values in api.js\n\n## Details<a id="orgheadline8"></a>\n\nBoth global/local and environment style configurations can be mixed.\n\nThere are no predefined environments such as dev/test/staging/production so you\ncan use any name desired for the environments.\n\nAny of the above mentioned file formats can be used. \ndb.local.yml will override db.js.\n\n### File formats<a id="orgheadline7"></a>\n\n1.  JS\n\n        module.exports = {\n          host: "example.com"\n        }\n\n2.  JSON\n\n        {\n          "user": "jim"\n        }\n\n3.  YAML\n\n        ipaddress: 127.0.0.1\n',
18 silly publish   readmeFilename: 'README.md',
18 silly publish   gitHead: '10b9822536824e96c6ea8308f9746825687c9c68',
18 silly publish   bugs: { url: 'https://github.com/jonjitsu/node-configuror/issues' },
18 silly publish   homepage: 'https://github.com/jonjitsu/node-configuror#readme',
18 silly publish   _id: 'configuror@0.1.0',
18 silly publish   _shasum: 'd673a3f0175593a1f53be6bee4002d5cde371d93',
18 silly publish   _from: '.' }
19 verbose getPublishConfig undefined
20 silly mapToRegistry name configuror
21 silly mapToRegistry using default registry
22 silly mapToRegistry registry https://registry.npmjs.org/
23 silly mapToRegistry uri https://registry.npmjs.org/configuror
24 verbose publish registryBase https://registry.npmjs.org/
25 silly publish uploading /home/jz/.npm/configuror/0.1.0/package.tgz
26 verbose request uri https://registry.npmjs.org/configuror
27 verbose request sending authorization for write operation
28 info attempt registry request try #1 at 10:46:36 PM
29 verbose request using bearer token for auth
30 verbose request id dcbad162e2242db2
31 http request PUT https://registry.npmjs.org/configuror
32 http 403 https://registry.npmjs.org/configuror
33 verbose headers { 'content-type': 'application/json',
33 verbose headers   'cache-control': 'max-age=300',
33 verbose headers   'content-length': '95',
33 verbose headers   'accept-ranges': 'bytes',
33 verbose headers   date: 'Thu, 21 Jan 2016 03:46:45 GMT',
33 verbose headers   via: '1.1 varnish',
33 verbose headers   connection: 'keep-alive',
33 verbose headers   'x-served-by': 'cache-ord1725-ORD',
33 verbose headers   'x-cache': 'MISS',
33 verbose headers   'x-cache-hits': '0',
33 verbose headers   'x-timer': 'S1453348004.747513,VS0,VE738' }
34 verbose request invalidating /home/jz/.npm/registry.npmjs.org/configuror on PUT
35 error publish Failed PUT 403
36 verbose stack Error: "You cannot publish over the previously published version 0.1.0." : configuror
36 verbose stack     at makeError (/home/jz/.nodejs/lib/node_modules/npm/node_modules/npm-registry-client/lib/request.js:264:12)
36 verbose stack     at CachingRegistryClient.<anonymous> (/home/jz/.nodejs/lib/node_modules/npm/node_modules/npm-registry-client/lib/request.js:252:14)
36 verbose stack     at Request._callback (/home/jz/.nodejs/lib/node_modules/npm/node_modules/npm-registry-client/lib/request.js:172:14)
36 verbose stack     at Request.self.callback (/home/jz/.nodejs/lib/node_modules/npm/node_modules/request/request.js:198:22)
36 verbose stack     at emitTwo (events.js:87:13)
36 verbose stack     at Request.emit (events.js:172:7)
36 verbose stack     at Request.<anonymous> (/home/jz/.nodejs/lib/node_modules/npm/node_modules/request/request.js:1082:10)
36 verbose stack     at emitOne (events.js:82:20)
36 verbose stack     at Request.emit (events.js:169:7)
36 verbose stack     at IncomingMessage.<anonymous> (/home/jz/.nodejs/lib/node_modules/npm/node_modules/request/request.js:1009:12)
37 verbose statusCode 403
38 verbose pkgid configuror
39 verbose cwd /home/jz/projects/js/npm/configuror
40 error Linux 3.13.0-37-generic
41 error argv "/usr/bin/nodejs" "/home/jz/.nodejs/bin/npm" "publish"
42 error node v4.2.4
43 error npm  v3.5.2
44 error code E403
45 error "You cannot publish over the previously published version 0.1.0." : configuror
46 error If you need help, you may report this error at:
46 error     <https://github.com/npm/npm/issues>
47 verbose exit [ 1, true ]
